2019-08-06 19:52:07.379  INFO 7092 --- [restartedMain] life.cwh.community.CommunityApplication  : Starting CommunityApplication on PC-20171101HNWA with PID 7092 (E:\community\target\classes started by Administrator in E:\community)
2019-08-06 19:52:07.384  INFO 7092 --- [restartedMain] life.cwh.community.CommunityApplication  : No active profile set, falling back to default profiles: default
2019-08-06 19:52:07.506  INFO 7092 --- [restartedMain] .e.DevToolsPropertyDefaultsPostProcessor : Devtools property defaults active! Set 'spring.devtools.add-properties' to 'false' to disable
2019-08-06 19:52:07.506  INFO 7092 --- [restartedMain] .e.DevToolsPropertyDefaultsPostProcessor : For additional web related logging consider setting the 'logging.level.web' property to 'DEBUG'
2019-08-06 19:52:09.556  INFO 7092 --- [restartedMain] o.s.b.w.embedded.tomcat.TomcatWebServer  : Tomcat initialized with port(s): 8080 (http)
2019-08-06 19:52:09.581  INFO 7092 --- [restartedMain] o.apache.catalina.core.StandardService   : Starting service [Tomcat]
2019-08-06 19:52:09.581  INFO 7092 --- [restartedMain] org.apache.catalina.core.StandardEngine  : Starting Servlet engine: [Apache Tomcat/9.0.19]
2019-08-06 19:52:09.587  INFO 7092 --- [restartedMain] o.a.catalina.core.AprLifecycleListener   : An older version [1.2.16] of the APR based Apache Tomcat Native library is installed, while Tomcat recommends a minimum version of [1.2.21]
2019-08-06 19:52:09.588  INFO 7092 --- [restartedMain] o.a.catalina.core.AprLifecycleListener   : Loaded APR based Apache Tomcat Native library [1.2.16] using APR version [1.6.3].
2019-08-06 19:52:09.588  INFO 7092 --- [restartedMain] o.a.catalina.core.AprLifecycleListener   : APR capabilities: IPv6 [true], sendfile [true], accept filters [false], random [true].
2019-08-06 19:52:09.588  INFO 7092 --- [restartedMain] o.a.catalina.core.AprLifecycleListener   : APR/OpenSSL configuration: useAprConnector [false], useOpenSSL [true]
2019-08-06 19:52:10.650  INFO 7092 --- [restartedMain] o.a.catalina.core.AprLifecycleListener   : OpenSSL successfully initialized [OpenSSL 1.0.2m  2 Nov 2017]
2019-08-06 19:52:10.746  INFO 7092 --- [restartedMain] o.a.c.c.C.[Tomcat].[localhost].[/]       : Initializing Spring embedded WebApplicationContext
2019-08-06 19:52:10.746  INFO 7092 --- [restartedMain] o.s.web.context.ContextLoader            : Root WebApplicationContext: initialization completed in 3239 ms
2019-08-06 19:52:11.437  INFO 7092 --- [restartedMain] o.s.s.concurrent.ThreadPoolTaskExecutor  : Initializing ExecutorService 'applicationTaskExecutor'
2019-08-06 19:52:11.576  INFO 7092 --- [restartedMain] o.s.b.a.w.s.WelcomePageHandlerMapping    : Adding welcome page template: index
2019-08-06 19:52:11.819  INFO 7092 --- [restartedMain] o.s.b.d.a.OptionalLiveReloadServer       : LiveReload server is running on port 35729
2019-08-06 19:52:11.873  INFO 7092 --- [restartedMain] o.s.b.w.embedded.tomcat.TomcatWebServer  : Tomcat started on port(s): 8080 (http) with context path ''
2019-08-06 19:52:11.877  INFO 7092 --- [restartedMain] life.cwh.community.CommunityApplication  : Started CommunityApplication in 5.332 seconds (JVM running for 6.377)
2019-08-06 19:52:17.522  INFO 7092 --- [http-nio-8080-exec-1] o.a.c.c.C.[Tomcat].[localhost].[/]       : Initializing Spring DispatcherServlet 'dispatcherServlet'
2019-08-06 19:52:17.523  INFO 7092 --- [http-nio-8080-exec-1] o.s.web.servlet.DispatcherServlet        : Initializing Servlet 'dispatcherServlet'
2019-08-06 19:52:17.536  INFO 7092 --- [http-nio-8080-exec-1] o.s.web.servlet.DispatcherServlet        : Completed initialization in 13 ms
2019-08-06 19:52:17.610  INFO 7092 --- [http-nio-8080-exec-1] com.zaxxer.hikari.HikariDataSource       : HikariPool-1 - Starting...
2019-08-06 19:52:17.808  INFO 7092 --- [http-nio-8080-exec-1] com.zaxxer.hikari.HikariDataSource       : HikariPool-1 - Start completed.
2019-08-06 19:52:17.819 DEBUG 7092 --- [http-nio-8080-exec-1] l.c.c.m.QuestionExtMapper.countBySearch  : ==>  Preparing: select count(*) from question 
2019-08-06 19:52:17.838 DEBUG 7092 --- [http-nio-8080-exec-1] l.c.c.m.QuestionExtMapper.countBySearch  : ==> Parameters: 
2019-08-06 19:52:17.853 DEBUG 7092 --- [http-nio-8080-exec-1] l.c.c.m.QuestionExtMapper.countBySearch  : <==      Total: 1
2019-08-06 19:52:17.855 DEBUG 7092 --- [http-nio-8080-exec-1] l.c.c.m.Q.selectBySearch                 : ==>  Preparing: select * from question order by gmt_create desc limit ?,? 
2019-08-06 19:52:17.856 DEBUG 7092 --- [http-nio-8080-exec-1] l.c.c.m.Q.selectBySearch                 : ==> Parameters: 0(Integer), 5(Integer)
2019-08-06 19:52:17.862 DEBUG 7092 --- [http-nio-8080-exec-1] l.c.c.m.Q.selectBySearch                 : <==      Total: 5
2019-08-06 19:52:17.863 DEBUG 7092 --- [http-nio-8080-exec-1] l.c.c.m.UserMapper.selectByPrimaryKey    : ==>  Preparing: select id, account_id, name, token, gmt_create, gmt_modified, avatar_url from user where id = ? 
2019-08-06 19:52:17.864 DEBUG 7092 --- [http-nio-8080-exec-1] l.c.c.m.UserMapper.selectByPrimaryKey    : ==> Parameters: 45(Long)
2019-08-06 19:52:17.866 DEBUG 7092 --- [http-nio-8080-exec-1] l.c.c.m.UserMapper.selectByPrimaryKey    : <==      Total: 1
2019-08-06 19:52:17.872 DEBUG 7092 --- [http-nio-8080-exec-1] l.c.c.m.UserMapper.selectByPrimaryKey    : ==>  Preparing: select id, account_id, name, token, gmt_create, gmt_modified, avatar_url from user where id = ? 
2019-08-06 19:52:17.873 DEBUG 7092 --- [http-nio-8080-exec-1] l.c.c.m.UserMapper.selectByPrimaryKey    : ==> Parameters: 45(Long)
2019-08-06 19:52:17.874 DEBUG 7092 --- [http-nio-8080-exec-1] l.c.c.m.UserMapper.selectByPrimaryKey    : <==      Total: 1
2019-08-06 19:52:17.875 DEBUG 7092 --- [http-nio-8080-exec-1] l.c.c.m.UserMapper.selectByPrimaryKey    : ==>  Preparing: select id, account_id, name, token, gmt_create, gmt_modified, avatar_url from user where id = ? 
2019-08-06 19:52:17.876 DEBUG 7092 --- [http-nio-8080-exec-1] l.c.c.m.UserMapper.selectByPrimaryKey    : ==> Parameters: 43(Long)
2019-08-06 19:52:17.878 DEBUG 7092 --- [http-nio-8080-exec-1] l.c.c.m.UserMapper.selectByPrimaryKey    : <==      Total: 1
2019-08-06 19:52:17.878 DEBUG 7092 --- [http-nio-8080-exec-1] l.c.c.m.UserMapper.selectByPrimaryKey    : ==>  Preparing: select id, account_id, name, token, gmt_create, gmt_modified, avatar_url from user where id = ? 
2019-08-06 19:52:17.879 DEBUG 7092 --- [http-nio-8080-exec-1] l.c.c.m.UserMapper.selectByPrimaryKey    : ==> Parameters: 43(Long)
2019-08-06 19:52:17.881 DEBUG 7092 --- [http-nio-8080-exec-1] l.c.c.m.UserMapper.selectByPrimaryKey    : <==      Total: 1
2019-08-06 19:52:17.882 DEBUG 7092 --- [http-nio-8080-exec-1] l.c.c.m.UserMapper.selectByPrimaryKey    : ==>  Preparing: select id, account_id, name, token, gmt_create, gmt_modified, avatar_url from user where id = ? 
2019-08-06 19:52:17.882 DEBUG 7092 --- [http-nio-8080-exec-1] l.c.c.m.UserMapper.selectByPrimaryKey    : ==> Parameters: 43(Long)
2019-08-06 19:52:17.883 DEBUG 7092 --- [http-nio-8080-exec-1] l.c.c.m.UserMapper.selectByPrimaryKey    : <==      Total: 12019-08-06 21:41:27.359  INFO 9552 --- [restartedMain] life.cwh.community.CommunityApplication  : Starting CommunityApplication on PC-20171101HNWA with PID 9552 (E:\community\target\classes started by Administrator in E:\community)
2019-08-06 21:41:27.362  INFO 9552 --- [restartedMain] life.cwh.community.CommunityApplication  : No active profile set, falling back to default profiles: default
2019-08-06 21:41:27.423  INFO 9552 --- [restartedMain] .e.DevToolsPropertyDefaultsPostProcessor : Devtools property defaults active! Set 'spring.devtools.add-properties' to 'false' to disable
2019-08-06 21:41:27.423  INFO 9552 --- [restartedMain] .e.DevToolsPropertyDefaultsPostProcessor : For additional web related logging consider setting the 'logging.level.web' property to 'DEBUG'
2019-08-06 21:41:29.748  INFO 9552 --- [restartedMain] o.s.b.w.embedded.tomcat.TomcatWebServer  : Tomcat initialized with port(s): 8080 (http)
2019-08-06 21:41:29.783  INFO 9552 --- [restartedMain] o.apache.catalina.core.StandardService   : Starting service [Tomcat]
2019-08-06 21:41:29.783  INFO 9552 --- [restartedMain] org.apache.catalina.core.StandardEngine  : Starting Servlet engine: [Apache Tomcat/9.0.19]
2019-08-06 21:41:29.792  INFO 9552 --- [restartedMain] o.a.catalina.core.AprLifecycleListener   : An older version [1.2.16] of the APR based Apache Tomcat Native library is installed, while Tomcat recommends a minimum version of [1.2.21]
2019-08-06 21:41:29.792  INFO 9552 --- [restartedMain] o.a.catalina.core.AprLifecycleListener   : Loaded APR based Apache Tomcat Native library [1.2.16] using APR version [1.6.3].
2019-08-06 21:41:29.793  INFO 9552 --- [restartedMain] o.a.catalina.core.AprLifecycleListener   : APR capabilities: IPv6 [true], sendfile [true], accept filters [false], random [true].
2019-08-06 21:41:29.793  INFO 9552 --- [restartedMain] o.a.catalina.core.AprLifecycleListener   : APR/OpenSSL configuration: useAprConnector [false], useOpenSSL [true]
2019-08-06 21:41:30.848  INFO 9552 --- [restartedMain] o.a.catalina.core.AprLifecycleListener   : OpenSSL successfully initialized [OpenSSL 1.0.2m  2 Nov 2017]
2019-08-06 21:41:31.015  INFO 9552 --- [restartedMain] o.a.c.c.C.[Tomcat].[localhost].[/]       : Initializing Spring embedded WebApplicationContext
2019-08-06 21:41:31.016  INFO 9552 --- [restartedMain] o.s.web.context.ContextLoader            : Root WebApplicationContext: initialization completed in 3593 ms
2019-08-06 21:41:31.735  INFO 9552 --- [restartedMain] o.s.s.concurrent.ThreadPoolTaskExecutor  : Initializing ExecutorService 'applicationTaskExecutor'
2019-08-06 21:41:31.873  INFO 9552 --- [restartedMain] o.s.b.a.w.s.WelcomePageHandlerMapping    : Adding welcome page template: index
2019-08-06 21:41:32.101  INFO 9552 --- [restartedMain] o.s.b.d.a.OptionalLiveReloadServer       : LiveReload server is running on port 35729
2019-08-06 21:41:32.154  INFO 9552 --- [restartedMain] o.s.b.w.embedded.tomcat.TomcatWebServer  : Tomcat started on port(s): 8080 (http) with context path ''
2019-08-06 21:41:32.159  INFO 9552 --- [restartedMain] life.cwh.community.CommunityApplication  : Started CommunityApplication in 5.323 seconds (JVM running for 7.408)
2019-08-06 21:41:44.820  INFO 9552 --- [http-nio-8080-exec-1] o.a.c.c.C.[Tomcat].[localhost].[/]       : Initializing Spring DispatcherServlet 'dispatcherServlet'
2019-08-06 21:41:44.821  INFO 9552 --- [http-nio-8080-exec-1] o.s.web.servlet.DispatcherServlet        : Initializing Servlet 'dispatcherServlet'
2019-08-06 21:41:44.830  INFO 9552 --- [http-nio-8080-exec-1] o.s.web.servlet.DispatcherServlet        : Completed initialization in 9 ms
2019-08-06 21:41:44.903  INFO 9552 --- [http-nio-8080-exec-1] com.zaxxer.hikari.HikariDataSource       : HikariPool-1 - Starting...
2019-08-06 21:41:45.096  INFO 9552 --- [http-nio-8080-exec-1] com.zaxxer.hikari.HikariDataSource       : HikariPool-1 - Start completed.
2019-08-06 21:41:45.106 DEBUG 9552 --- [http-nio-8080-exec-1] l.c.c.m.QuestionExtMapper.countBySearch  : ==>  Preparing: select count(*) from question 
2019-08-06 21:41:45.124 DEBUG 9552 --- [http-nio-8080-exec-1] l.c.c.m.QuestionExtMapper.countBySearch  : ==> Parameters: 
2019-08-06 21:41:45.137 DEBUG 9552 --- [http-nio-8080-exec-1] l.c.c.m.QuestionExtMapper.countBySearch  : <==      Total: 1
2019-08-06 21:41:45.140 DEBUG 9552 --- [http-nio-8080-exec-1] l.c.c.m.Q.selectBySearch                 : ==>  Preparing: select * from question order by gmt_create desc limit ?,? 
2019-08-06 21:41:45.141 DEBUG 9552 --- [http-nio-8080-exec-1] l.c.c.m.Q.selectBySearch                 : ==> Parameters: 0(Integer), 5(Integer)
2019-08-06 21:41:45.148 DEBUG 9552 --- [http-nio-8080-exec-1] l.c.c.m.Q.selectBySearch                 : <==      Total: 5
2019-08-06 21:41:45.148 DEBUG 9552 --- [http-nio-8080-exec-1] l.c.c.m.UserMapper.selectByPrimaryKey    : ==>  Preparing: select id, account_id, name, token, gmt_create, gmt_modified, avatar_url from user where id = ? 
2019-08-06 21:41:45.149 DEBUG 9552 --- [http-nio-8080-exec-1] l.c.c.m.UserMapper.selectByPrimaryKey    : ==> Parameters: 45(Long)
2019-08-06 21:41:45.151 DEBUG 9552 --- [http-nio-8080-exec-1] l.c.c.m.UserMapper.selectByPrimaryKey    : <==      Total: 1
2019-08-06 21:41:45.158 DEBUG 9552 --- [http-nio-8080-exec-1] l.c.c.m.UserMapper.selectByPrimaryKey    : ==>  Preparing: select id, account_id, name, token, gmt_create, gmt_modified, avatar_url from user where id = ? 
2019-08-06 21:41:45.158 DEBUG 9552 --- [http-nio-8080-exec-1] l.c.c.m.UserMapper.selectByPrimaryKey    : ==> Parameters: 45(Long)
2019-08-06 21:41:45.160 DEBUG 9552 --- [http-nio-8080-exec-1] l.c.c.m.UserMapper.selectByPrimaryKey    : <==      Total: 1
2019-08-06 21:41:45.160 DEBUG 9552 --- [http-nio-8080-exec-1] l.c.c.m.UserMapper.selectByPrimaryKey    : ==>  Preparing: select id, account_id, name, token, gmt_create, gmt_modified, avatar_url from user where id = ? 
2019-08-06 21:41:45.160 DEBUG 9552 --- [http-nio-8080-exec-1] l.c.c.m.UserMapper.selectByPrimaryKey    : ==> Parameters: 43(Long)
2019-08-06 21:41:45.162 DEBUG 9552 --- [http-nio-8080-exec-1] l.c.c.m.UserMapper.selectByPrimaryKey    : <==      Total: 1
2019-08-06 21:41:45.163 DEBUG 9552 --- [http-nio-8080-exec-1] l.c.c.m.UserMapper.selectByPrimaryKey    : ==>  Preparing: select id, account_id, name, token, gmt_create, gmt_modified, avatar_url from user where id = ? 
2019-08-06 21:41:45.163 DEBUG 9552 --- [http-nio-8080-exec-1] l.c.c.m.UserMapper.selectByPrimaryKey    : ==> Parameters: 43(Long)
2019-08-06 21:41:45.165 DEBUG 9552 --- [http-nio-8080-exec-1] l.c.c.m.UserMapper.selectByPrimaryKey    : <==      Total: 1
2019-08-06 21:41:45.166 DEBUG 9552 --- [http-nio-8080-exec-1] l.c.c.m.UserMapper.selectByPrimaryKey    : ==>  Preparing: select id, account_id, name, token, gmt_create, gmt_modified, avatar_url from user where id = ? 
2019-08-06 21:41:45.166 DEBUG 9552 --- [http-nio-8080-exec-1] l.c.c.m.UserMapper.selectByPrimaryKey    : ==> Parameters: 43(Long)
2019-08-06 21:41:45.167 DEBUG 9552 --- [http-nio-8080-exec-1] l.c.c.m.UserMapper.selectByPrimaryKey    : <==      Total: 1
2019-08-06 21:41:50.624 DEBUG 9552 --- [http-nio-8080-exec-9] l.c.c.m.QuestionExtMapper.countBySearch  : ==>  Preparing: select count(*) from question 
2019-08-06 21:41:50.625 DEBUG 9552 --- [http-nio-8080-exec-9] l.c.c.m.QuestionExtMapper.countBySearch  : ==> Parameters: 
2019-08-06 21:41:50.627 DEBUG 9552 --- [http-nio-8080-exec-9] l.c.c.m.QuestionExtMapper.countBySearch  : <==      Total: 1
2019-08-06 21:41:50.628 DEBUG 9552 --- [http-nio-8080-exec-9] l.c.c.m.Q.selectBySearch                 : ==>  Preparing: select * from question order by gmt_create desc limit ?,? 
2019-08-06 21:41:50.628 DEBUG 9552 --- [http-nio-8080-exec-9] l.c.c.m.Q.selectBySearch                 : ==> Parameters: 5(Integer), 5(Integer)
2019-08-06 21:41:50.632 DEBUG 9552 --- [http-nio-8080-exec-9] l.c.c.m.Q.selectBySearch                 : <==      Total: 5
2019-08-06 21:41:50.634 DEBUG 9552 --- [http-nio-8080-exec-9] l.c.c.m.UserMapper.selectByPrimaryKey    : ==>  Preparing: select id, account_id, name, token, gmt_create, gmt_modified, avatar_url from user where id = ? 
2019-08-06 21:41:50.634 DEBUG 9552 --- [http-nio-8080-exec-9] l.c.c.m.UserMapper.selectByPrimaryKey    : ==> Parameters: 43(Long)
2019-08-06 21:41:50.635 DEBUG 9552 --- [http-nio-8080-exec-9] l.c.c.m.UserMapper.selectByPrimaryKey    : <==      Total: 1
2019-08-06 21:41:50.636 DEBUG 9552 --- [http-nio-8080-exec-9] l.c.c.m.UserMapper.selectByPrimaryKey    : ==>  Preparing: select id, account_id, name, token, gmt_create, gmt_modified, avatar_url from user where id = ? 
2019-08-06 21:41:50.636 DEBUG 9552 --- [http-nio-8080-exec-9] l.c.c.m.UserMapper.selectByPrimaryKey    : ==> Parameters: 43(Long)
2019-08-06 21:41:50.637 DEBUG 9552 --- [http-nio-8080-exec-9] l.c.c.m.UserMapper.selectByPrimaryKey    : <==      Total: 1
2019-08-06 21:41:50.638 DEBUG 9552 --- [http-nio-8080-exec-9] l.c.c.m.UserMapper.selectByPrimaryKey    : ==>  Preparing: select id, account_id, name, token, gmt_create, gmt_modified, avatar_url from user where id = ? 
2019-08-06 21:41:50.638 DEBUG 9552 --- [http-nio-8080-exec-9] l.c.c.m.UserMapper.selectByPrimaryKey    : ==> Parameters: 43(Long)
2019-08-06 21:41:50.640 DEBUG 9552 --- [http-nio-8080-exec-9] l.c.c.m.UserMapper.selectByPrimaryKey    : <==      Total: 1
2019-08-06 21:41:50.641 DEBUG 9552 --- [http-nio-8080-exec-9] l.c.c.m.UserMapper.selectByPrimaryKey    : ==>  Preparing: select id, account_id, name, token, gmt_create, gmt_modified, avatar_url from user where id = ? 
2019-08-06 21:41:50.641 DEBUG 9552 --- [http-nio-8080-exec-9] l.c.c.m.UserMapper.selectByPrimaryKey    : ==> Parameters: 41(Long)
2019-08-06 21:41:50.642 DEBUG 9552 --- [http-nio-8080-exec-9] l.c.c.m.UserMapper.selectByPrimaryKey    : <==      Total: 1
2019-08-06 21:41:50.642 DEBUG 9552 --- [http-nio-8080-exec-9] l.c.c.m.UserMapper.selectByPrimaryKey    : ==>  Preparing: select id, account_id, name, token, gmt_create, gmt_modified, avatar_url from user where id = ? 
2019-08-06 21:41:50.643 DEBUG 9552 --- [http-nio-8080-exec-9] l.c.c.m.UserMapper.selectByPrimaryKey    : ==> Parameters: 41(Long)
2019-08-06 21:41:50.644 DEBUG 9552 --- [http-nio-8080-exec-9] l.c.c.m.UserMapper.selectByPrimaryKey    : <==      Total: 1
2019-08-06 21:41:52.190 DEBUG 9552 --- [http-nio-8080-exec-5] l.c.c.m.QuestionExtMapper.countBySearch  : ==>  Preparing: select count(*) from question 
2019-08-06 21:41:52.191 DEBUG 9552 --- [http-nio-8080-exec-5] l.c.c.m.QuestionExtMapper.countBySearch  : ==> Parameters: 
2019-08-06 21:41:52.192 DEBUG 9552 --- [http-nio-8080-exec-5] l.c.c.m.QuestionExtMapper.countBySearch  : <==      Total: 1
2019-08-06 21:41:52.194 DEBUG 9552 --- [http-nio-8080-exec-5] l.c.c.m.Q.selectBySearch                 : ==>  Preparing: select * from question order by gmt_create desc limit ?,? 
2019-08-06 21:41:52.196 DEBUG 9552 --- [http-nio-8080-exec-5] l.c.c.m.Q.selectBySearch                 : ==> Parameters: 10(Integer), 5(Integer)
2019-08-06 21:41:52.202 DEBUG 9552 --- [http-nio-8080-exec-5] l.c.c.m.Q.selectBySearch                 : <==      Total: 3
2019-08-06 21:41:52.205 DEBUG 9552 --- [http-nio-8080-exec-5] l.c.c.m.UserMapper.selectByPrimaryKey    : ==>  Preparing: select id, account_id, name, token, gmt_create, gmt_modified, avatar_url from user where id = ? 
2019-08-06 21:41:52.206 DEBUG 9552 --- [http-nio-8080-exec-5] l.c.c.m.UserMapper.selectByPrimaryKey    : ==> Parameters: 37(Long)
2019-08-06 21:41:52.207 DEBUG 9552 --- [http-nio-8080-exec-5] l.c.c.m.UserMapper.selectByPrimaryKey    : <==      Total: 1
2019-08-06 21:41:52.208 DEBUG 9552 --- [http-nio-8080-exec-5] l.c.c.m.UserMapper.selectByPrimaryKey    : ==>  Preparing: select id, account_id, name, token, gmt_create, gmt_modified, avatar_url from user where id = ? 
2019-08-06 21:41:52.208 DEBUG 9552 --- [http-nio-8080-exec-5] l.c.c.m.UserMapper.selectByPrimaryKey    : ==> Parameters: 36(Long)
2019-08-06 21:41:52.209 DEBUG 9552 --- [http-nio-8080-exec-5] l.c.c.m.UserMapper.selectByPrimaryKey    : <==      Total: 1
2019-08-06 21:41:52.210 DEBUG 9552 --- [http-nio-8080-exec-5] l.c.c.m.UserMapper.selectByPrimaryKey    : ==>  Preparing: select id, account_id, name, token, gmt_create, gmt_modified, avatar_url from user where id = ? 
2019-08-06 21:41:52.210 DEBUG 9552 --- [http-nio-8080-exec-5] l.c.c.m.UserMapper.selectByPrimaryKey    : ==> Parameters: 36(Long)
2019-08-06 21:41:52.212 DEBUG 9552 --- [http-nio-8080-exec-5] l.c.c.m.UserMapper.selectByPrimaryKey    : <==      Total: 1
